<?xml version="1.0" encoding="UTF-8"?>
<!-- Generated by org.testng.reporters.JUnitReportReporter -->
<testsuite hostname="Mahesh-PC" failures="0" tests="1" name="demo.Test1" time="0.046" errors="0" timestamp="2021-03-18T00:00:52 IST" skipped="0">
  <testcase classname="demo.Test1" name="demo" time="0.046"/>
  <system-out>
hellooooo  </system-out>
</testsuite> <!-- demo.Test1 -->
