<?xml version="1.0" encoding="UTF-8"?>
<!-- Generated by org.testng.reporters.JUnitReportReporter -->
<testsuite hostname="Mahesh-PC" failures="0" tests="1" name="demo.test0" time="0.039" errors="0" timestamp="2021-03-17T23:04:08 IST" skipped="0">
  <testcase classname="demo.test0" name="demo" time="0.039"/>
  <system-out>
hello selenium  </system-out>
</testsuite> <!-- demo.test0 -->
