<?xml version="1.0" encoding="UTF-8"?>
<!-- Generated by org.testng.reporters.JUnitReportReporter -->
<testsuite hostname="Mahesh-PC" failures="0" tests="1" name="demo.Harsh" time="0.019" errors="0" timestamp="2021-03-18T00:14:24 IST" skipped="0">
  <testcase classname="demo.Harsh" name="demo" time="0.019"/>
  <system-out>
welcome to selenium  </system-out>
</testsuite> <!-- demo.Harsh -->
