<?xml version="1.0" encoding="UTF-8"?>
<!-- Generated by org.testng.reporters.JUnitReportReporter -->
<testsuite hostname="Mahesh-PC" failures="0" tests="1" name="demo.Selenium" time="0.028" errors="0" timestamp="2021-03-18T00:20:45 IST" skipped="0">
  <testcase classname="demo.Selenium" name="automate" time="0.028"/>
  <system-out>
hey   </system-out>
</testsuite> <!-- demo.Selenium -->
