<?xml version="1.0" encoding="UTF-8"?>
<!-- Generated by org.testng.reporters.JUnitReportReporter -->
<testsuite hostname="Mahesh-PC" failures="0" tests="1" name="demo.Test2" time="0.016" errors="0" timestamp="2021-03-18T08:35:20 IST" skipped="0">
  <testcase classname="demo.Test2" name="demo" time="0.016"/>
  <system-out>
hellooo  </system-out>
</testsuite> <!-- demo.Test2 -->
